time="2025-03-12T14:37:07Z" level=debug msg="OpenShift Installer 4.18.4"
time="2025-03-12T14:37:07Z" level=debug msg="Built from commit 409dcb7b6f6ac28195223f58c143d3b63b23a5e8"
time="2025-03-12T14:37:07Z" level=debug msg="Fetching Master Machines..."
time="2025-03-12T14:37:07Z" level=debug msg="Loading Master Machines..."
time="2025-03-12T14:37:07Z" level=debug msg="  Loading Cluster ID..."
time="2025-03-12T14:37:07Z" level=debug msg="    Loading Install Config..."
time="2025-03-12T14:37:07Z" level=debug msg="      Loading SSH Key..."
time="2025-03-12T14:37:07Z" level=debug msg="      Loading Base Domain..."
time="2025-03-12T14:37:07Z" level=debug msg="        Loading Platform..."
time="2025-03-12T14:37:07Z" level=debug msg="      Loading Cluster Name..."
time="2025-03-12T14:37:07Z" level=debug msg="        Loading Base Domain..."
time="2025-03-12T14:37:07Z" level=debug msg="        Loading Platform..."
time="2025-03-12T14:37:07Z" level=debug msg="      Loading Pull Secret..."
time="2025-03-12T14:37:07Z" level=debug msg="      Loading Platform..."
time="2025-03-12T14:37:07Z" level=debug msg="  Loading Platform Credentials Check..."
time="2025-03-12T14:37:07Z" level=debug msg="    Loading Install Config..."
time="2025-03-12T14:37:07Z" level=debug msg="  Loading Install Config..."
time="2025-03-12T14:37:07Z" level=debug msg="  Loading Image..."
time="2025-03-12T14:37:07Z" level=debug msg="    Loading Install Config..."
time="2025-03-12T14:37:07Z" level=debug msg="  Loading Master Ignition Config..."
time="2025-03-12T14:37:07Z" level=debug msg="    Loading Install Config..."
time="2025-03-12T14:37:07Z" level=debug msg="    Loading Machine Config Server Root CA..."
time="2025-03-12T14:37:07Z" level=debug msg="  Fetching Cluster ID..."
time="2025-03-12T14:37:07Z" level=debug msg="    Fetching Install Config..."
time="2025-03-12T14:37:07Z" level=debug msg="      Fetching SSH Key..."
time="2025-03-12T14:37:07Z" level=debug msg="      Generating SSH Key..."
time="2025-03-12T14:37:20Z" level=fatal msg="failed to fetch Master Machines: failed to fetch dependency of \"Master Machines\": failed to fetch dependency of \"Cluster ID\": failed to fetch dependency of \"Install Config\": failed to generate asset \"SSH Key\": failed UserInput: interrupt"
